<?xml version="1.0" encoding="UTF-8"?>
<!-- Generated by org.testng.reporters.JUnitXMLReporter -->
<testsuite ignored="0" hostname="Krupals-MacBook-Pro.local" failures="0" tests="2" name="Command line test" time="0.307" errors="0" timestamp="07 Apr 2021 09:10:45 GMT">
  <testcase classname="com.amazon.TestNGMultiBrowserTesting" name="@BeforeTest setup" time="0.0">
    <failure type="org.testng.TestNGException" message="
Parameter &amp;apos;browserName&amp;apos; is required by BeforeTest on method setup but has not been marked @Optional or defined
">
      <![CDATA[org.testng.TestNGException: 
Parameter 'browserName' is required by BeforeTest on method setup but has not been marked @Optional or defined

... Removed 31 stack frames]]>
    </failure>
  </testcase> <!-- @BeforeTest setup -->
  <testcase classname="com.amazon.TestNGMultiBrowserTesting" name="@AfterTest teardown" time="0.0">
    <skipped/>
  </testcase> <!-- @AfterTest teardown -->
  <testcase classname="com.amazon.FirstTest" name="Testbrowser" time="0.0">
    <skipped/>
  </testcase> <!-- Testbrowser -->
  <testcase classname="com.amazon.TestNGMultiBrowserTesting" name="testLaunch" time="0.0">
    <skipped/>
  </testcase> <!-- testLaunch -->
</testsuite> <!-- Command line test -->
